<?xml version="1.0" encoding="UTF-8"?>
<testng-results ignored="0" total="4" passed="4" failed="0" skipped="0">
  <reporter-output>
  </reporter-output>
  <suite started-at="2024-04-05T13:05:22 IST" name="Suite" finished-at="2024-04-05T13:06:00 IST" duration-ms="38062">
    <groups>
      <group name="cucumber">
        <method signature="AbstractTestNGCucumberTests.runScenario(io.cucumber.testng.PickleWrapper,io.cucumber.testng.FeatureWrapper)[pri:0, instance:uIFeatures.AmazonRunnerTests@3bb9a3ff]" name="runScenario" class="io.cucumber.testng.AbstractTestNGCucumberTests"/>
      </group> <!-- cucumber -->
    </groups>
    <test started-at="2024-04-05T13:05:22 IST" name="Test" finished-at="2024-04-05T13:06:00 IST" duration-ms="38062">
      <class name="uIFeatures.AmazonRunnerTests">
        <test-method is-config="true" signature="setUpClass(org.testng.ITestContext)[pri:0, instance:uIFeatures.AmazonRunnerTests@3bb9a3ff]" started-at="2024-04-05T13:05:22 IST" name="setUpClass" finished-at="2024-04-05T13:05:22 IST" duration-ms="372" status="PASS">
          <params>
            <param index="0">
              <value>
                <![CDATA[org.testng.TestRunner@608fe01f]]>
              </value>
            </param>
          </params>
          <reporter-output>
          </reporter-output>
        </test-method> <!-- setUpClass -->
        <test-method signature="runScenario(io.cucumber.testng.PickleWrapper,io.cucumber.testng.FeatureWrapper)[pri:0, instance:uIFeatures.AmazonRunnerTests@3bb9a3ff]" started-at="2024-04-05T13:05:22 IST" name="runScenario" description="Runs Cucumber Scenarios" data-provider="scenarios" finished-at="2024-04-05T13:05:30 IST" duration-ms="8006" status="PASS">
          <params>
            <param index="0">
              <value>
                <![CDATA["Validate Title of Page"]]>
              </value>
            </param>
            <param index="1">
              <value>
                <![CDATA["HomePage Fuctionality"]]>
              </value>
            </param>
          </params>
          <reporter-output>
          </reporter-output>
        </test-method> <!-- runScenario -->
        <test-method signature="runScenario(io.cucumber.testng.PickleWrapper,io.cucumber.testng.FeatureWrapper)[pri:0, instance:uIFeatures.AmazonRunnerTests@3bb9a3ff]" started-at="2024-04-05T13:05:30 IST" name="runScenario" description="Runs Cucumber Scenarios" data-provider="scenarios" finished-at="2024-04-05T13:05:38 IST" duration-ms="7152" status="PASS">
          <params>
            <param index="0">
              <value>
                <![CDATA["Validate Cart icon"]]>
              </value>
            </param>
            <param index="1">
              <value>
                <![CDATA["HomePage Fuctionality"]]>
              </value>
            </param>
          </params>
          <reporter-output>
          </reporter-output>
        </test-method> <!-- runScenario -->
        <test-method signature="runScenario(io.cucumber.testng.PickleWrapper,io.cucumber.testng.FeatureWrapper)[pri:0, instance:uIFeatures.AmazonRunnerTests@3bb9a3ff]" started-at="2024-04-05T13:05:38 IST" name="runScenario" description="Runs Cucumber Scenarios" data-provider="scenarios" finished-at="2024-04-05T13:05:52 IST" duration-ms="13969" status="PASS">
          <params>
            <param index="0">
              <value>
                <![CDATA["Validate Search Mobile"]]>
              </value>
            </param>
            <param index="1">
              <value>
                <![CDATA["HomePage Fuctionality"]]>
              </value>
            </param>
          </params>
          <reporter-output>
          </reporter-output>
        </test-method> <!-- runScenario -->
        <test-method signature="runScenario(io.cucumber.testng.PickleWrapper,io.cucumber.testng.FeatureWrapper)[pri:0, instance:uIFeatures.AmazonRunnerTests@3bb9a3ff]" started-at="2024-04-05T13:05:52 IST" name="runScenario" description="Runs Cucumber Scenarios" data-provider="scenarios" finished-at="2024-04-05T13:05:58 IST" duration-ms="6792" status="PASS">
          <params>
            <param index="0">
              <value>
                <![CDATA["cart icon validation"]]>
              </value>
            </param>
            <param index="1">
              <value>
                <![CDATA["cart icon functionality"]]>
              </value>
            </param>
          </params>
          <reporter-output>
          </reporter-output>
        </test-method> <!-- runScenario -->
        <test-method is-config="true" signature="tearDownClass()[pri:0, instance:uIFeatures.AmazonRunnerTests@3bb9a3ff]" started-at="2024-04-05T13:05:58 IST" name="tearDownClass" finished-at="2024-04-05T13:06:00 IST" duration-ms="1738" status="PASS">
          <reporter-output>
          </reporter-output>
        </test-method> <!-- tearDownClass -->
      </class> <!-- uIFeatures.AmazonRunnerTests -->
    </test> <!-- Test -->
  </suite> <!-- Suite -->
</testng-results>
