<?xml version="1.0" encoding="UTF-8"?>
<testsuite xmlns:xsi="http://www.w3.org/2001/XMLSchema-instance" xsi:noNamespaceSchemaLocation="https://maven.apache.org/surefire/maven-surefire-plugin/xsd/surefire-test-report-3.0.xsd" version="3.0" name="TestSuite" time="38.433" tests="4" errors="0" skipped="0" failures="0">
  <properties>
[...]
</properties>
  <testcase name="runScenario[&quot;Validate Title of Page&quot;, &quot;HomePage Fuctionality&quot;](1)" classname="uIFeatures.AmazonRunnerTests" time="8.008">
    <system-out><![CDATA[
Scenario: Validate Title of Page           &amp#27;[90m# src/test/resources/UIFeature/homepage.feature:3&amp#27;[0m
  &amp#27;[32mGiven &amp#27;[0m&amp#27;[32muser is at the amazonhome page&amp#27;[0m     &amp#27;[90m# uIFeatures.HomePageSteps.user_is_at_the_amazonhome_page()&amp#27;[0m
  &amp#27;[32mThen &amp#27;[0m&amp#27;[32mPagetitle should contain &amp#27;[0m&amp#27;[32m&amp#27;[1m"Shopping"&amp#27;[0m &amp#27;[90m# uIFeatures.HomePageSteps.pagetitle_should_contain(java.lang.String)&amp#27;[0m
]]></system-out>
    <system-err><![CDATA[SLF4J: Failed to load class "org.slf4j.impl.StaticLoggerBinder".
SLF4J: Defaulting to no-operation (NOP) logger implementation
SLF4J: See http://www.slf4j.org/codes.html#StaticLoggerBinder for further details.
]]></system-err>
  </testcase>
  <testcase name="runScenario[&quot;Validate Cart icon&quot;, &quot;HomePage Fuctionality&quot;](2)" classname="uIFeatures.AmazonRunnerTests" time="7.151">
    <system-out><![CDATA[
Scenario: Validate Cart icon           &amp#27;[90m# src/test/resources/UIFeature/homepage.feature:7&amp#27;[0m
  &amp#27;[32mGiven &amp#27;[0m&amp#27;[32muser is at the amazonhome page&amp#27;[0m &amp#27;[90m# uIFeatures.HomePageSteps.user_is_at_the_amazonhome_page()&amp#27;[0m
  &amp#27;[32mThen &amp#27;[0m&amp#27;[32mCart icon should get display&amp#27;[0m    &amp#27;[90m# uIFeatures.HomePageSteps.cart_icon_should_get_display()&amp#27;[0m
]]></system-out>
  </testcase>
  <testcase name="runScenario[&quot;Validate Search Mobile&quot;, &quot;HomePage Fuctionality&quot;](3)" classname="uIFeatures.AmazonRunnerTests" time="13.969">
    <system-out><![CDATA[
Scenario: Validate Search Mobile          &amp#27;[90m# src/test/resources/UIFeature/homepage.feature:12&amp#27;[0m
  &amp#27;[32mGiven &amp#27;[0m&amp#27;[32muser is at the amazonhome page&amp#27;[0m    &amp#27;[90m# uIFeatures.HomePageSteps.user_is_at_the_amazonhome_page()&amp#27;[0m
  &amp#27;[32mWhen &amp#27;[0m&amp#27;[32muser search &amp#27;[0m&amp#27;[32m&amp#27;[1m"mobile"&amp#27;[0m&amp#27;[32m in text field&amp#27;[0m &amp#27;[90m# uIFeatures.HomePageSteps.user_search_in_text_field(java.lang.String)&amp#27;[0m
  &amp#27;[32mThen &amp#27;[0m&amp#27;[32muser should see the mobiles&amp#27;[0m        &amp#27;[90m# uIFeatures.HomePageSteps.user_should_see_the_mobiles()&amp#27;[0m
  &amp#27;[32mWhen &amp#27;[0m&amp#27;[32muser clicks on mobiles&amp#27;[0m             &amp#27;[90m# uIFeatures.HomePageSteps.user_clicks_on_mobiles()&amp#27;[0m
  &amp#27;[32mThen &amp#27;[0m&amp#27;[32mmobile page should get opened&amp#27;[0m      &amp#27;[90m# uIFeatures.HomePageSteps.mobile_page_should_get_opened()&amp#27;[0m
]]></system-out>
  </testcase>
  <testcase name="runScenario[&quot;cart icon validation&quot;, &quot;cart icon functionality&quot;](4)" classname="uIFeatures.AmazonRunnerTests" time="6.792">
    <system-out><![CDATA[
Scenario: cart icon validation                   &amp#27;[90m# src/test/resources/UIFeature/product.feature:2&amp#27;[0m
  &amp#27;[32mGiven &amp#27;[0m&amp#27;[32muser is at the amazonhome page&amp#27;[0m           &amp#27;[90m# uIFeatures.HomePageSteps.user_is_at_the_amazonhome_page()&amp#27;[0m
  &amp#27;[32mWhen &amp#27;[0m&amp#27;[32muser clicks on cart icon&amp#27;[0m                  &amp#27;[90m# uIFeatures.ProductSteps.user_clicks_on_cart_icon()&amp#27;[0m
  &amp#27;[32mAnd &amp#27;[0m&amp#27;[32muser clicks on signIn button&amp#27;[0m               &amp#27;[90m# uIFeatures.ProductSteps.user_clicks_on_sign_in_button()&amp#27;[0m
  &amp#27;[32mThen &amp#27;[0m&amp#27;[32muser should be navigated to signIn window&amp#27;[0m &amp#27;[90m# uIFeatures.ProductSteps.user_should_be_navigated_to_sign_in_window()&amp#27;[0m
]]></system-out>
  </testcase>
</testsuite>