<?xml version="1.0" encoding="UTF-8"?>
<testng-results ignored="0" total="1" passed="1" failed="0" skipped="0">
  <reporter-output>
  </reporter-output>
  <suite started-at="2024-04-24T23:46:28 IST" name="Default suite" finished-at="2024-04-24T23:46:31 IST" duration-ms="2824">
    <groups>
      <group name="cucumber">
        <method signature="AbstractTestNGCucumberTests.runScenario(io.cucumber.testng.PickleWrapper,io.cucumber.testng.FeatureWrapper)[pri:0, instance:runner.RegistrationRunner@2d3379b4]" name="runScenario" class="io.cucumber.testng.AbstractTestNGCucumberTests"/>
      </group> <!-- cucumber -->
    </groups>
    <test started-at="2024-04-24T23:46:28 IST" name="Default test" finished-at="2024-04-24T23:46:31 IST" duration-ms="2824">
      <class name="runner.RegistrationRunner">
        <test-method is-config="true" signature="setUpClass(org.testng.ITestContext)[pri:0, instance:runner.RegistrationRunner@2d3379b4]" started-at="2024-04-24T23:46:28 IST" name="setUpClass" finished-at="2024-04-24T23:46:28 IST" duration-ms="352" status="PASS">
          <params>
            <param index="0">
              <value>
                <![CDATA[org.testng.TestRunner@398474a2]]>
              </value>
            </param>
          </params>
          <reporter-output>
          </reporter-output>
        </test-method> <!-- setUpClass -->
        <test-method signature="runScenario(io.cucumber.testng.PickleWrapper,io.cucumber.testng.FeatureWrapper)[pri:0, instance:runner.RegistrationRunner@2d3379b4]" started-at="2024-04-24T23:46:28 IST" name="runScenario" description="Runs Cucumber Scenarios" data-provider="scenarios" finished-at="2024-04-24T23:46:29 IST" duration-ms="75" status="PASS">
          <params>
            <param index="0">
              <value>
                <![CDATA["Opening an bank account of nominee"]]>
              </value>
            </param>
            <param index="1">
              <value>
                <![CDATA["Opening bank account"]]>
              </value>
            </param>
          </params>
          <reporter-output>
          </reporter-output>
        </test-method> <!-- runScenario -->
        <test-method is-config="true" signature="tearDownClass()[pri:0, instance:runner.RegistrationRunner@2d3379b4]" started-at="2024-04-24T23:46:29 IST" name="tearDownClass" finished-at="2024-04-24T23:46:31 IST" duration-ms="2364" status="PASS">
          <reporter-output>
          </reporter-output>
        </test-method> <!-- tearDownClass -->
      </class> <!-- runner.RegistrationRunner -->
    </test> <!-- Default test -->
  </suite> <!-- Default suite -->
</testng-results>
